2020-11-09 22:34:24,116 INFO      Zillow   17916 zillow_get  Started Process with this list name - Orlando-Condos-250k
2020-11-09 22:34:36,634 INFO      Zillow   17916 zillow_get  Total Pages were - 20
2020-11-09 22:34:39,573 INFO      Zillow   17916 zillow_get  Total Data in this page - 40
2020-11-09 22:34:39,573 INFO      Zillow   17916 zillow_get  Running List Url - https://www.zillow.com/homedetails/7671-Comrow-St-UNIT-104-Kissimmee-FL-34747/69323475_zpid/
2020-11-09 22:34:43,524 INFO      Zillow   17916 zillow_get  Running List Url - https://www.zillow.com/homedetails/11538-Westwood-Blvd-APT-224-Orlando-FL-32821/71080557_zpid/
2020-11-09 22:35:37,436 INFO      Zillow   17916 zillow_get  Running List Url - https://www.zillow.com/homedetails/2534-Leeward-Way-Winter-Park-FL-32792/47727088_zpid/
2020-11-09 22:35:40,609 INFO      Zillow   17916 zillow_get  Running List Url - https://www.zillow.com/homedetails/1400-Celebration-Ave-APT-302-Celebration-FL-34747/82101248_zpid/
2020-11-09 22:35:43,823 INFO      Zillow   17916 zillow_get  Running List Url - https://www.zillow.com/homedetails/2306-Silver-Palm-Dr-APT-204-Kissimmee-FL-34747/66189136_zpid/
2020-11-09 22:35:47,016 INFO      Zillow   17916 zillow_get  Running List Url - https://www.zillow.com/homedetails/1100-Delaney-Ave-APT-F204-Orlando-FL-32806/63155233_zpid/
2020-11-09 22:35:50,384 INFO      Zillow   17916 zillow_get  Running List Url - https://www.zillow.com/homedetails/8801-Villa-View-Cir-UNIT-207-Orlando-FL-32821/82077443_zpid/
2020-11-09 22:37:16,618 INFO      Zillow   14272 zillow_get  Started Process with this list name - Orlando-Condos-250k
2020-11-09 22:37:24,883 INFO      Zillow   14272 zillow_get  Total Pages were - 20
2020-11-09 22:39:31,757 INFO      Zillow   11012 zillow_get  Started Process with this list name - Orlando-Condos-250k
2020-11-09 22:42:18,757 INFO      Zillow   20312 zillow_get  Started Process with this list name - Orlando-Condos-250k
2020-11-09 22:42:27,581 INFO      Zillow   20312 zillow_get  Total Pages were - 20
2020-11-09 22:42:35,609 INFO      Zillow   20312 zillow_get  Total Data in this page - 40
2020-11-09 22:42:35,610 INFO      Zillow   20312 zillow_get  Running List Url - https://www.zillow.com/homedetails/7671-Comrow-St-UNIT-104-Kissimmee-FL-34747/69323475_zpid/
2020-11-09 22:42:36,596 INFO      Zillow   20312 zillow_get  Running List Url - https://www.zillow.com/homedetails/11538-Westwood-Blvd-APT-224-Orlando-FL-32821/71080557_zpid/
2020-11-09 22:42:36,952 INFO      Zillow   20312 zillow_get  Running List Url - https://www.zillow.com/homedetails/2534-Leeward-Way-Winter-Park-FL-32792/47727088_zpid/
2020-11-09 22:42:37,312 INFO      Zillow   20312 zillow_get  Running List Url - https://www.zillow.com/homedetails/1400-Celebration-Ave-APT-302-Celebration-FL-34747/82101248_zpid/
2020-11-09 22:42:37,669 INFO      Zillow   20312 zillow_get  Running List Url - https://www.zillow.com/homedetails/2306-Silver-Palm-Dr-APT-204-Kissimmee-FL-34747/66189136_zpid/
2020-11-09 22:42:38,035 INFO      Zillow   20312 zillow_get  Running List Url - https://www.zillow.com/homedetails/1100-Delaney-Ave-APT-F204-Orlando-FL-32806/63155233_zpid/
2020-11-09 22:42:38,395 INFO      Zillow   20312 zillow_get  Running List Url - https://www.zillow.com/homedetails/8801-Villa-View-Cir-UNIT-207-Orlando-FL-32821/82077443_zpid/
2020-11-09 22:43:09,628 INFO      Zillow   20312 zillow_get  Running List Url - https://www.zillow.com/homedetails/469-Tradition-Ln-Winter-Springs-FL-32708/68113953_zpid/
2020-11-09 22:43:13,991 INFO      Zillow   20312 zillow_get  Running List Url - https://www.zillow.com/homedetails/207-Terrace-Ridge-Cir-207-Davenport-FL-33896/2077214769_zpid/
2020-11-09 22:43:17,988 INFO      Zillow   20312 zillow_get  Running List Url - https://www.zillow.com/homedetails/3338-Robert-Trent-Jones-Dr-30304-Orlando-FL-32835/89677501_zpid/
2020-11-09 22:43:22,006 INFO      Zillow   20312 zillow_get  Running List Url - https://www.zillow.com/homedetails/1358-Glenleigh-Dr-Ocoee-FL-34761/99730958_zpid/
2020-11-09 22:43:26,857 INFO      Zillow   20312 zillow_get  Running List Url - https://www.zillow.com/homedetails/1374-Vasey-Rd-Apopka-FL-32703/99692682_zpid/
2020-11-09 22:43:32,951 INFO      Zillow   20312 zillow_get  Running List Url - https://www.zillow.com/homedetails/5045-Maui-Cir-12-Orlando-FL-32808/46059200_zpid/
2020-11-09 22:43:33,621 INFO      Zillow   20312 zillow_get  Running List Url - https://www.zillow.com/homedetails/6518-Swissco-Dr-UNIT-1212-Orlando-FL-32822/71075191_zpid/
2020-11-09 22:43:33,970 INFO      Zillow   20312 zillow_get  Running List Url - https://www.zillow.com/homedetails/1100-Maury-Rd-1-Orlando-FL-32804/2077218938_zpid/
2020-11-09 22:43:34,328 INFO      Zillow   20312 zillow_get  Running List Url - https://www.zillow.com/homedetails/860-N-Orange-Ave-APT-374-Orlando-FL-32801/2077219735_zpid/
2020-11-09 22:43:34,678 INFO      Zillow   20312 zillow_get  Running List Url - https://www.zillow.com/homedetails/860-N-Orange-Ave-APT-223-Orlando-FL-32801/64597363_zpid/
2020-11-09 22:43:35,033 INFO      Zillow   20312 zillow_get  Running List Url - https://www.zillow.com/homedetails/4832-Riverwalk-Dr-Saint-Cloud-FL-34771/130953392_zpid/
2020-11-09 22:43:35,385 INFO      Zillow   20312 zillow_get  Running List Url - https://www.zillow.com/homedetails/4704-Jasmine-Creek-Ln-Orlando-FL-32811/2101800472_zpid/
2020-11-09 22:43:35,723 INFO      Zillow   20312 zillow_get  Running List Url - https://www.zillow.com/homedetails/11500-Westwood-Blvd-224-Orlando-FL-32821/2077221127_zpid/
2020-11-09 22:43:36,088 INFO      Zillow   20312 zillow_get  Running List Url - https://www.zillow.com/homedetails/1037-S-Hiawassee-Rd-APT-2817-Orlando-FL-32835/71078278_zpid/
2020-11-09 22:43:36,449 INFO      Zillow   20312 zillow_get  Running List Url - https://www.zillow.com/homedetails/860-N-Orange-Ave-APT-149-Orlando-FL-32801/64449413_zpid/
2020-11-09 22:43:36,795 INFO      Zillow   20312 zillow_get  Running List Url - https://www.zillow.com/homedetails/546-Orange-Dr-APT-11-Altamonte-Springs-FL-32701/47660207_zpid/
2020-11-09 22:43:37,138 INFO      Zillow   20312 zillow_get  Running List Url - https://www.zillow.com/homedetails/3017-Bonfire-Beach-Dr-APT-202-Kissimmee-FL-34746/82102073_zpid/
2020-11-09 22:43:37,492 INFO      Zillow   20312 zillow_get  Running List Url - https://www.zillow.com/community/residences-at-sunset-walk/2077679254_zpid/
2020-11-09 22:43:39,875 ERROR     Zillow   20312 ('IndexError', '<key exception>', ['  File "C:\\Users\\My Buddy\\Desktop\\Work\\dj_payements\\payment_gateways\\home\\zillow_ui.py", line 219, in zillow_get\n    title=list_link.split(zpid)[0].split(\'homedetails/\')[1].replace(\'/\',\'\').replace(\'-\',\' \')\n'], IndexError('list index out of range'))
2020-11-09 22:43:39,875 INFO      Zillow   20312 zillow_get  Running List Url - https://www.zillow.com/homedetails/338-Georgetown-Dr-APT-C-Casselberry-FL-32707/2078957955_zpid/
2020-11-09 22:43:40,545 INFO      Zillow   20312 zillow_get  Running List Url - https://www.zillow.com/homedetails/2662-Corvette-Ln-Kissimmee-FL-34746/126009477_zpid/
2020-11-09 22:43:40,891 INFO      Zillow   20312 zillow_get  Running List Url - https://www.zillow.com/homedetails/2011-Royal-Bay-Blvd-APT-154-Kissimmee-FL-34746/46299339_zpid/
2020-11-09 22:43:41,244 INFO      Zillow   20312 zillow_get  Running List Url - https://www.zillow.com/homedetails/10612-Regent-Square-Dr-1307-Orlando-FL-32825/120087119_zpid/
2020-11-09 22:43:41,588 INFO      Zillow   20312 zillow_get  Running List Url - https://www.zillow.com/homedetails/6618-S-Goldenrod-Rd-A-Orlando-FL-32822/2077224447_zpid/
2020-11-09 22:43:41,946 INFO      Zillow   20312 zillow_get  Running List Url - https://www.zillow.com/homedetails/3113-Via-Otero-Dr-3113-Kissimmee-FL-34744/2077224687_zpid/
2020-11-09 22:43:42,305 INFO      Zillow   20312 zillow_get  Running List Url - https://www.zillow.com/homedetails/2936-Claremont-Ct-GE-Orlando-FL-32822/2077224761_zpid/
2020-11-09 22:43:42,650 INFO      Zillow   20312 zillow_get  Running List Url - https://www.zillow.com/homedetails/3016-Ashland-Ln-S-Kissimmee-FL-34741/69321423_zpid/
2020-11-09 22:43:43,000 INFO      Zillow   20312 zillow_get  Running List Url - https://www.zillow.com/homedetails/12538-Floridays-Resort-Dr-308-C-Orlando-FL-32821/294884812_zpid/
2020-11-09 22:43:43,469 INFO      Zillow   20312 zillow_get  Running List Url - https://www.zillow.com/homedetails/6518-Merrick-Landing-Blvd-Windermere-FL-34786/60329213_zpid/
2020-11-09 22:43:43,810 INFO      Zillow   20312 zillow_get  Running List Url - https://www.zillow.com/homedetails/75-Lakepointe-Cir-Kissimmee-FL-34743/46288249_zpid/
2020-11-09 22:43:44,168 INFO      Zillow   20312 zillow_get  Running List Url - https://www.zillow.com/homedetails/206-E-South-St-UNIT-1007-Orlando-FL-32801/64807013_zpid/
2020-11-09 22:43:44,532 INFO      Zillow   20312 zillow_get  Running List Url - https://www.zillow.com/homedetails/4531-Alberto-Cir-Kissimmee-FL-34746/82439151_zpid/
2020-11-09 22:43:44,890 INFO      Zillow   20312 zillow_get  Running List Url - https://www.zillow.com/homedetails/4816-Conway-Rd-APT-137-Orlando-FL-32812/71075159_zpid/
2020-11-09 22:43:45,258 INFO      Zillow   20312 zillow_get  Running List Url - https://www.zillow.com/homedetails/1140-S-Orlando-Ave-APT-E16-Maitland-FL-32751/46265331_zpid/
2020-11-09 22:43:56,562 INFO      Zillow   20312 zillow_get  Total Data in this page - 40
2020-11-09 22:43:56,562 INFO      Zillow   20312 zillow_get  Running List Url - https://www.zillow.com/homedetails/207-Eden-Ln-APT-E-Kissimmee-FL-34743/2077226756_zpid/
2020-11-09 22:43:57,217 INFO      Zillow   20312 zillow_get  Running List Url - https://www.zillow.com/homedetails/3209-Parkchester-Square-Blvd-APT-208-Orlando-FL-32835/2077226822_zpid/
2020-11-09 22:43:57,569 INFO      Zillow   20312 zillow_get  Running List Url - https://www.zillow.com/homedetails/1351-Tuscan-Ter-UNIT-8201-Davenport-FL-33896/84649156_zpid/
2020-11-09 22:43:57,922 INFO      Zillow   20312 zillow_get  Running List Url - https://www.zillow.com/homedetails/1005-Sherrywood-St-Fern-Park-FL-32730/47685210_zpid/
2020-11-09 22:43:58,333 INFO      Zillow   20312 zillow_get  Running List Url - https://www.zillow.com/homedetails/1331-Landry-Cir-Longwood-FL-32750/47701893_zpid/
2020-11-09 22:43:58,687 INFO      Zillow   20312 zillow_get  Running List Url - https://www.zillow.com/homedetails/8716-Danforth-Dr-Windermere-FL-34786/71058954_zpid/
2020-11-09 22:43:59,033 INFO      Zillow   20312 zillow_get  Running List Url - https://www.zillow.com/homedetails/2769-Club-Cortile-Cir-Kissimmee-FL-34746/82508554_zpid/
2020-11-09 22:43:59,371 INFO      Zillow   20312 zillow_get  Running List Url - https://www.zillow.com/homedetails/822-Grand-Regency-Pointe-UNIT-104-Altamonte-Springs-FL-32714/68118992_zpid/
2020-11-09 22:43:59,733 INFO      Zillow   20312 zillow_get  Running List Url - https://www.zillow.com/homedetails/1362-Stearman-Ct-20-Orlando-FL-32825/46242727_zpid/
2020-11-09 22:44:00,093 INFO      Zillow   20312 zillow_get  Running List Url - https://www.zillow.com/homedetails/5271-Paradise-Cay-Cir-Kissimmee-FL-34746/82103911_zpid/
2020-11-09 22:44:00,453 INFO      Zillow   20312 zillow_get  Running List Url - https://www.zillow.com/homedetails/620-Red-Oak-Cir-UNIT-112-Altamonte-Springs-FL-32701/2077228806_zpid/
2020-11-09 22:44:01,487 INFO      Zillow   20312 zillow_get  Running List Url - https://www.zillow.com/homedetails/1171-Calle-Del-Rey-APT-C-Casselberry-FL-32707/47709587_zpid/
2020-11-09 22:44:01,848 INFO      Zillow   20312 zillow_get  Running List Url - https://www.zillow.com/homedetails/8000-Poinciana-Blvd-UNIT-2405-Orlando-FL-32821/294888429_zpid/
2020-11-09 22:44:02,520 INFO      Zillow   20312 zillow_get  Running List Url - https://www.zillow.com/homedetails/5483-Vineland-Rd-APT-10303-Orlando-FL-32811/2088199235_zpid/
2020-11-09 22:44:02,909 INFO      Zillow   20312 zillow_get  Running List Url - https://www.zillow.com/homedetails/105-Durham-Pl-105-Longwood-FL-32779/2079841504_zpid/
2020-11-09 22:44:03,291 INFO      Zillow   20312 zillow_get  Running List Url - https://www.zillow.com/homedetails/8000-Poinciana-Blvd-UNIT-2714-Orlando-FL-32821/294888469_zpid/
2020-11-09 22:44:03,689 INFO      Zillow   20312 zillow_get  Running List Url - https://www.zillow.com/homedetails/920-Lake-Destiny-Rd-UNIT-D-Altamonte-Springs-FL-32714/2077229920_zpid/
2020-11-09 22:44:04,062 INFO      Zillow   20312 zillow_get  Running List Url - https://www.zillow.com/homedetails/8000-Tuscany-Way-UNIT-4101-Davenport-FL-33896/2077231949_zpid/
2020-11-09 22:44:04,421 INFO      Zillow   20312 zillow_get  Running List Url - https://www.zillow.com/homedetails/4816-Coral-Castle-Dr-Kissimmee-FL-34746/2077233640_zpid/
2020-11-09 22:44:06,995 ERROR     Zillow   20312 ('KeyError', '<key exception>', ['  File "C:\\Users\\My Buddy\\Desktop\\Work\\dj_payements\\payment_gateways\\home\\zillow_ui.py", line 232, in zillow_get\n    data2=json.loads(dataa[\'apiCache\'])[\'ForSaleDoubleScrollFullRenderQuery{\\"zpid\\":\'+str(zpid)+\',\\"contactFormRenderParameter\\":{\\"zpid\\":\'+str(zpid)+\',\\"platform\\":\\"desktop\\",\\"isDoubleScroll\\":true}}\']\n'], KeyError('ForSaleDoubleScrollFullRenderQuery{"zpid":2077233640,"contactFormRenderParameter":{"zpid":2077233640,"platform":"desktop","isDoubleScroll":true}}'))
2020-11-09 22:44:06,996 INFO      Zillow   20312 zillow_get  Running List Url - https://www.zillow.com/homedetails/4810-Coral-Castle-Dr-Kissimmee-FL-34746/2077233645_zpid/
2020-11-09 22:44:09,501 ERROR     Zillow   20312 ('KeyError', '<key exception>', ['  File "C:\\Users\\My Buddy\\Desktop\\Work\\dj_payements\\payment_gateways\\home\\zillow_ui.py", line 232, in zillow_get\n    data2=json.loads(dataa[\'apiCache\'])[\'ForSaleDoubleScrollFullRenderQuery{\\"zpid\\":\'+str(zpid)+\',\\"contactFormRenderParameter\\":{\\"zpid\\":\'+str(zpid)+\',\\"platform\\":\\"desktop\\",\\"isDoubleScroll\\":true}}\']\n'], KeyError('ForSaleDoubleScrollFullRenderQuery{"zpid":2077233645,"contactFormRenderParameter":{"zpid":2077233645,"platform":"desktop","isDoubleScroll":true}}'))
2020-11-09 22:44:09,501 INFO      Zillow   20312 zillow_get  Running List Url - https://www.zillow.com/homedetails/4806-Coral-Castle-Dr-Kissimmee-FL-34746/2077233644_zpid/
2020-11-09 22:44:12,008 ERROR     Zillow   20312 ('KeyError', '<key exception>', ['  File "C:\\Users\\My Buddy\\Desktop\\Work\\dj_payements\\payment_gateways\\home\\zillow_ui.py", line 232, in zillow_get\n    data2=json.loads(dataa[\'apiCache\'])[\'ForSaleDoubleScrollFullRenderQuery{\\"zpid\\":\'+str(zpid)+\',\\"contactFormRenderParameter\\":{\\"zpid\\":\'+str(zpid)+\',\\"platform\\":\\"desktop\\",\\"isDoubleScroll\\":true}}\']\n'], KeyError('ForSaleDoubleScrollFullRenderQuery{"zpid":2077233644,"contactFormRenderParameter":{"zpid":2077233644,"platform":"desktop","isDoubleScroll":true}}'))
2020-11-09 22:44:12,008 INFO      Zillow   20312 zillow_get  Running List Url - https://www.zillow.com/homedetails/4814-Coral-Castle-Dr-Kissimmee-FL-34746/2077233641_zpid/
2020-11-09 22:44:14,450 ERROR     Zillow   20312 ('KeyError', '<key exception>', ['  File "C:\\Users\\My Buddy\\Desktop\\Work\\dj_payements\\payment_gateways\\home\\zillow_ui.py", line 232, in zillow_get\n    data2=json.loads(dataa[\'apiCache\'])[\'ForSaleDoubleScrollFullRenderQuery{\\"zpid\\":\'+str(zpid)+\',\\"contactFormRenderParameter\\":{\\"zpid\\":\'+str(zpid)+\',\\"platform\\":\\"desktop\\",\\"isDoubleScroll\\":true}}\']\n'], KeyError('ForSaleDoubleScrollFullRenderQuery{"zpid":2077233641,"contactFormRenderParameter":{"zpid":2077233641,"platform":"desktop","isDoubleScroll":true}}'))
2020-11-09 22:44:14,450 INFO      Zillow   20312 zillow_get  Running List Url - https://www.zillow.com/homedetails/4812-Coral-Castle-Dr-Kissimmee-FL-34746/2077233643_zpid/
2020-11-09 22:44:17,199 ERROR     Zillow   20312 ('KeyError', '<key exception>', ['  File "C:\\Users\\My Buddy\\Desktop\\Work\\dj_payements\\payment_gateways\\home\\zillow_ui.py", line 232, in zillow_get\n    data2=json.loads(dataa[\'apiCache\'])[\'ForSaleDoubleScrollFullRenderQuery{\\"zpid\\":\'+str(zpid)+\',\\"contactFormRenderParameter\\":{\\"zpid\\":\'+str(zpid)+\',\\"platform\\":\\"desktop\\",\\"isDoubleScroll\\":true}}\']\n'], KeyError('ForSaleDoubleScrollFullRenderQuery{"zpid":2077233643,"contactFormRenderParameter":{"zpid":2077233643,"platform":"desktop","isDoubleScroll":true}}'))
2020-11-09 22:44:17,199 INFO      Zillow   20312 zillow_get  Running List Url - https://www.zillow.com/homedetails/4808-Coral-Castle-Dr-Kissimmee-FL-34746/2077233642_zpid/
2020-11-09 22:44:19,909 ERROR     Zillow   20312 ('KeyError', '<key exception>', ['  File "C:\\Users\\My Buddy\\Desktop\\Work\\dj_payements\\payment_gateways\\home\\zillow_ui.py", line 232, in zillow_get\n    data2=json.loads(dataa[\'apiCache\'])[\'ForSaleDoubleScrollFullRenderQuery{\\"zpid\\":\'+str(zpid)+\',\\"contactFormRenderParameter\\":{\\"zpid\\":\'+str(zpid)+\',\\"platform\\":\\"desktop\\",\\"isDoubleScroll\\":true}}\']\n'], KeyError('ForSaleDoubleScrollFullRenderQuery{"zpid":2077233642,"contactFormRenderParameter":{"zpid":2077233642,"platform":"desktop","isDoubleScroll":true}}'))
2020-11-09 22:44:19,909 INFO      Zillow   20312 zillow_get  Running List Url - https://www.zillow.com/homedetails/4802-Coral-Castle-Dr-Kissimmee-FL-34746/2077233646_zpid/
2020-11-09 22:44:22,327 ERROR     Zillow   20312 ('KeyError', '<key exception>', ['  File "C:\\Users\\My Buddy\\Desktop\\Work\\dj_payements\\payment_gateways\\home\\zillow_ui.py", line 232, in zillow_get\n    data2=json.loads(dataa[\'apiCache\'])[\'ForSaleDoubleScrollFullRenderQuery{\\"zpid\\":\'+str(zpid)+\',\\"contactFormRenderParameter\\":{\\"zpid\\":\'+str(zpid)+\',\\"platform\\":\\"desktop\\",\\"isDoubleScroll\\":true}}\']\n'], KeyError('ForSaleDoubleScrollFullRenderQuery{"zpid":2077233646,"contactFormRenderParameter":{"zpid":2077233646,"platform":"desktop","isDoubleScroll":true}}'))
2020-11-09 22:44:22,327 INFO      Zillow   20312 zillow_get  Running List Url - https://www.zillow.com/homedetails/4818-Coral-Castle-Dr-Kissimmee-FL-34746/2077233648_zpid/
2020-11-09 22:44:25,356 ERROR     Zillow   20312 ('KeyError', '<key exception>', ['  File "C:\\Users\\My Buddy\\Desktop\\Work\\dj_payements\\payment_gateways\\home\\zillow_ui.py", line 232, in zillow_get\n    data2=json.loads(dataa[\'apiCache\'])[\'ForSaleDoubleScrollFullRenderQuery{\\"zpid\\":\'+str(zpid)+\',\\"contactFormRenderParameter\\":{\\"zpid\\":\'+str(zpid)+\',\\"platform\\":\\"desktop\\",\\"isDoubleScroll\\":true}}\']\n'], KeyError('ForSaleDoubleScrollFullRenderQuery{"zpid":2077233648,"contactFormRenderParameter":{"zpid":2077233648,"platform":"desktop","isDoubleScroll":true}}'))
2020-11-09 22:44:25,356 INFO      Zillow   20312 zillow_get  Running List Url - https://www.zillow.com/homedetails/4804-Coral-Castle-Dr-Kissimmee-FL-34746/2077233647_zpid/
2020-11-09 22:44:27,936 ERROR     Zillow   20312 ('KeyError', '<key exception>', ['  File "C:\\Users\\My Buddy\\Desktop\\Work\\dj_payements\\payment_gateways\\home\\zillow_ui.py", line 232, in zillow_get\n    data2=json.loads(dataa[\'apiCache\'])[\'ForSaleDoubleScrollFullRenderQuery{\\"zpid\\":\'+str(zpid)+\',\\"contactFormRenderParameter\\":{\\"zpid\\":\'+str(zpid)+\',\\"platform\\":\\"desktop\\",\\"isDoubleScroll\\":true}}\']\n'], KeyError('ForSaleDoubleScrollFullRenderQuery{"zpid":2077233647,"contactFormRenderParameter":{"zpid":2077233647,"platform":"desktop","isDoubleScroll":true}}'))
2020-11-09 22:44:27,936 INFO      Zillow   20312 zillow_get  Running List Url - https://www.zillow.com/community/kindred-townhomes/2077714597_zpid/
2020-11-09 22:44:30,312 ERROR     Zillow   20312 ('IndexError', '<key exception>', ['  File "C:\\Users\\My Buddy\\Desktop\\Work\\dj_payements\\payment_gateways\\home\\zillow_ui.py", line 219, in zillow_get\n    title=list_link.split(zpid)[0].split(\'homedetails/\')[1].replace(\'/\',\'\').replace(\'-\',\' \')\n'], IndexError('list index out of range'))
2020-11-09 22:44:30,312 INFO      Zillow   20312 zillow_get  Running List Url - https://www.zillow.com/homedetails/6380-Contessa-Dr-APT-101-Orlando-FL-32829/2077235032_zpid/
2020-11-09 22:44:30,980 INFO      Zillow   20312 zillow_get  Running List Url - https://www.zillow.com/homedetails/4603-Gate-Pl-3-Orlando-FL-32811/2077235726_zpid/
2020-11-09 22:44:31,340 INFO      Zillow   20312 zillow_get  Running List Url - https://www.zillow.com/homedetails/8774-Worldquest-Blvd-UNIT-7204-Orlando-FL-32821/294888237_zpid/
2020-11-09 22:44:31,683 INFO      Zillow   20312 zillow_get  Running List Url - https://www.zillow.com/homedetails/940-Douglas-Ave-UNIT-180-Altamonte-Springs-FL-32714/2077236096_zpid/
2020-11-09 22:44:32,030 INFO      Zillow   20312 zillow_get  Running List Url - https://www.zillow.com/homedetails/2920-Shadow-View-Cir-2920-Maitland-FL-32751/2077236528_zpid/
2020-11-09 22:44:32,370 INFO      Zillow   20312 zillow_get  Running List Url - https://www.zillow.com/homedetails/780-E-Michigan-St-UNIT-48-Orlando-FL-32806/64549424_zpid/
2020-11-09 22:44:32,734 INFO      Zillow   20312 zillow_get  Running List Url - https://www.zillow.com/homedetails/1000-S-Orlando-Ave-APT-A22-Maitland-FL-32751/46265440_zpid/
2020-11-09 22:44:33,086 INFO      Zillow   20312 zillow_get  Running List Url - https://www.zillow.com/homedetails/2740-Lancaster-Ct-Apopka-FL-32703/47639643_zpid/
2020-11-09 22:44:33,437 INFO      Zillow   20312 zillow_get  Running List Url - https://www.zillow.com/homedetails/167-Club-Villas-Ln-Kissimmee-FL-34744/46310454_zpid/
2020-11-09 22:44:33,794 INFO      Zillow   20312 zillow_get  Running List Url - https://www.zillow.com/homedetails/3705-S-Lake-Orlando-Pkwy-APT-5-Orlando-FL-32808/46087924_zpid/
2020-11-09 22:44:34,141 INFO      Zillow   20312 zillow_get  Running List Url - https://www.zillow.com/homedetails/2101-Cascades-Blvd-UNIT-207-Kissimmee-FL-34741/82107411_zpid/
2020-11-09 22:44:34,490 INFO      Zillow   20312 zillow_get  Running List Url - https://www.zillow.com/homedetails/3385-Celena-Cir-Saint-Cloud-FL-34769/69317449_zpid/
2020-11-09 22:45:57,298 INFO      Zillow    7064 zillow_get  Started Process with this list name - Orlando-Condos-250k
2020-11-09 22:46:13,983 INFO      Zillow    7064 zillow_get  Total Pages were - 20
2020-11-09 22:46:33,873 INFO      Zillow    7064 zillow_get  Total Data in this page - 40
2020-11-09 22:46:33,873 INFO      Zillow    7064 zillow_get  Running List Url - https://www.zillow.com/homedetails/7671-Comrow-St-UNIT-104-Kissimmee-FL-34747/69323475_zpid/
2020-11-09 22:46:34,871 INFO      Zillow    7064 zillow_get  Running List Url - https://www.zillow.com/homedetails/11538-Westwood-Blvd-APT-224-Orlando-FL-32821/71080557_zpid/
2020-11-09 22:46:35,232 INFO      Zillow    7064 zillow_get  Running List Url - https://www.zillow.com/homedetails/2534-Leeward-Way-Winter-Park-FL-32792/47727088_zpid/
2020-11-09 22:46:35,589 INFO      Zillow    7064 zillow_get  Running List Url - https://www.zillow.com/homedetails/1400-Celebration-Ave-APT-302-Celebration-FL-34747/82101248_zpid/
2020-11-09 22:46:35,956 INFO      Zillow    7064 zillow_get  Running List Url - https://www.zillow.com/homedetails/2306-Silver-Palm-Dr-APT-204-Kissimmee-FL-34747/66189136_zpid/
2020-11-09 22:46:36,319 INFO      Zillow    7064 zillow_get  Running List Url - https://www.zillow.com/homedetails/1100-Delaney-Ave-APT-F204-Orlando-FL-32806/63155233_zpid/
2020-11-09 22:46:36,670 INFO      Zillow    7064 zillow_get  Running List Url - https://www.zillow.com/homedetails/8801-Villa-View-Cir-UNIT-207-Orlando-FL-32821/82077443_zpid/
2020-11-09 22:46:37,025 INFO      Zillow    7064 zillow_get  Running List Url - https://www.zillow.com/homedetails/469-Tradition-Ln-Winter-Springs-FL-32708/68113953_zpid/
2020-11-09 22:46:37,396 INFO      Zillow    7064 zillow_get  Running List Url - https://www.zillow.com/homedetails/207-Terrace-Ridge-Cir-207-Davenport-FL-33896/2077214769_zpid/
2020-11-09 22:46:37,770 INFO      Zillow    7064 zillow_get  Running List Url - https://www.zillow.com/homedetails/3338-Robert-Trent-Jones-Dr-30304-Orlando-FL-32835/89677501_zpid/
2020-11-09 22:46:38,138 INFO      Zillow    7064 zillow_get  Running List Url - https://www.zillow.com/homedetails/1358-Glenleigh-Dr-Ocoee-FL-34761/99730958_zpid/
2020-11-09 22:46:38,504 INFO      Zillow    7064 zillow_get  Running List Url - https://www.zillow.com/homedetails/1374-Vasey-Rd-Apopka-FL-32703/99692682_zpid/
2020-11-09 22:46:38,880 INFO      Zillow    7064 zillow_get  Running List Url - https://www.zillow.com/homedetails/5045-Maui-Cir-12-Orlando-FL-32808/46059200_zpid/
2020-11-09 22:46:39,249 INFO      Zillow    7064 zillow_get  Running List Url - https://www.zillow.com/homedetails/6518-Swissco-Dr-UNIT-1212-Orlando-FL-32822/71075191_zpid/
2020-11-09 22:46:39,595 INFO      Zillow    7064 zillow_get  Running List Url - https://www.zillow.com/homedetails/1100-Maury-Rd-1-Orlando-FL-32804/2077218938_zpid/
2020-11-09 22:46:39,954 INFO      Zillow    7064 zillow_get  Running List Url - https://www.zillow.com/homedetails/860-N-Orange-Ave-APT-374-Orlando-FL-32801/2077219735_zpid/
2020-11-09 22:46:40,331 INFO      Zillow    7064 zillow_get  Running List Url - https://www.zillow.com/homedetails/860-N-Orange-Ave-APT-223-Orlando-FL-32801/64597363_zpid/
2020-11-09 22:46:40,736 INFO      Zillow    7064 zillow_get  Running List Url - https://www.zillow.com/homedetails/4832-Riverwalk-Dr-Saint-Cloud-FL-34771/130953392_zpid/
2020-11-09 22:46:41,104 INFO      Zillow    7064 zillow_get  Running List Url - https://www.zillow.com/homedetails/4704-Jasmine-Creek-Ln-Orlando-FL-32811/2101800472_zpid/
2020-11-09 22:46:41,476 INFO      Zillow    7064 zillow_get  Running List Url - https://www.zillow.com/homedetails/11500-Westwood-Blvd-224-Orlando-FL-32821/2077221127_zpid/
2020-11-09 22:46:41,874 INFO      Zillow    7064 zillow_get  Running List Url - https://www.zillow.com/homedetails/1037-S-Hiawassee-Rd-APT-2817-Orlando-FL-32835/71078278_zpid/
2020-11-09 22:46:42,309 INFO      Zillow    7064 zillow_get  Running List Url - https://www.zillow.com/homedetails/860-N-Orange-Ave-APT-149-Orlando-FL-32801/64449413_zpid/
2020-11-09 22:46:42,675 INFO      Zillow    7064 zillow_get  Running List Url - https://www.zillow.com/homedetails/546-Orange-Dr-APT-11-Altamonte-Springs-FL-32701/47660207_zpid/
2020-11-09 22:46:43,029 INFO      Zillow    7064 zillow_get  Running List Url - https://www.zillow.com/homedetails/3017-Bonfire-Beach-Dr-APT-202-Kissimmee-FL-34746/82102073_zpid/
2020-11-09 22:46:43,411 INFO      Zillow    7064 zillow_get  Running List Url - https://www.zillow.com/community/residences-at-sunset-walk/2077679254_zpid/
2020-11-09 22:46:45,927 ERROR     Zillow    7064 ('IndexError', '<key exception>', ['  File "C:\\Users\\My Buddy\\Desktop\\Work\\dj_payements\\payment_gateways\\home\\zillow_ui.py", line 219, in zillow_get\n    title=list_link.split(zpid)[0].split(\'homedetails/\')[1].replace(\'/\',\'\').replace(\'-\',\' \')\n'], IndexError('list index out of range'))
2020-11-09 22:46:45,928 INFO      Zillow    7064 zillow_get  Running List Url - https://www.zillow.com/homedetails/338-Georgetown-Dr-APT-C-Casselberry-FL-32707/2078957955_zpid/
2020-11-09 22:46:46,624 INFO      Zillow    7064 zillow_get  Running List Url - https://www.zillow.com/homedetails/2662-Corvette-Ln-Kissimmee-FL-34746/126009477_zpid/
2020-11-09 22:46:47,016 INFO      Zillow    7064 zillow_get  Running List Url - https://www.zillow.com/homedetails/2011-Royal-Bay-Blvd-APT-154-Kissimmee-FL-34746/46299339_zpid/
2020-11-09 22:46:47,376 INFO      Zillow    7064 zillow_get  Running List Url - https://www.zillow.com/homedetails/10612-Regent-Square-Dr-1307-Orlando-FL-32825/120087119_zpid/
2020-11-09 22:46:47,742 INFO      Zillow    7064 zillow_get  Running List Url - https://www.zillow.com/homedetails/6618-S-Goldenrod-Rd-A-Orlando-FL-32822/2077224447_zpid/
2020-11-09 22:46:48,087 INFO      Zillow    7064 zillow_get  Running List Url - https://www.zillow.com/homedetails/3113-Via-Otero-Dr-3113-Kissimmee-FL-34744/2077224687_zpid/
2020-11-09 22:46:48,449 INFO      Zillow    7064 zillow_get  Running List Url - https://www.zillow.com/homedetails/3016-Ashland-Ln-S-Kissimmee-FL-34741/69321423_zpid/
2020-11-09 22:46:48,803 INFO      Zillow    7064 zillow_get  Running List Url - https://www.zillow.com/homedetails/2936-Claremont-Ct-GE-Orlando-FL-32822/2077224761_zpid/
2020-11-09 22:46:49,142 INFO      Zillow    7064 zillow_get  Running List Url - https://www.zillow.com/homedetails/12538-Floridays-Resort-Dr-308-C-Orlando-FL-32821/294884812_zpid/
2020-11-09 22:46:49,506 INFO      Zillow    7064 zillow_get  Running List Url - https://www.zillow.com/homedetails/6518-Merrick-Landing-Blvd-Windermere-FL-34786/60329213_zpid/
2020-11-09 22:46:49,865 INFO      Zillow    7064 zillow_get  Running List Url - https://www.zillow.com/homedetails/75-Lakepointe-Cir-Kissimmee-FL-34743/46288249_zpid/
2020-11-09 22:46:50,231 INFO      Zillow    7064 zillow_get  Running List Url - https://www.zillow.com/homedetails/206-E-South-St-UNIT-1007-Orlando-FL-32801/64807013_zpid/
2020-11-09 22:46:50,592 INFO      Zillow    7064 zillow_get  Running List Url - https://www.zillow.com/homedetails/4531-Alberto-Cir-Kissimmee-FL-34746/82439151_zpid/
2020-11-09 22:46:50,945 INFO      Zillow    7064 zillow_get  Running List Url - https://www.zillow.com/homedetails/4816-Conway-Rd-APT-137-Orlando-FL-32812/71075159_zpid/
2020-11-09 22:46:51,312 INFO      Zillow    7064 zillow_get  Running List Url - https://www.zillow.com/homedetails/1140-S-Orlando-Ave-APT-E16-Maitland-FL-32751/46265331_zpid/
2020-11-09 22:46:57,482 INFO      Zillow    7064 zillow_get  Total Data in this page - 40
2020-11-09 22:46:57,483 INFO      Zillow    7064 zillow_get  Running List Url - https://www.zillow.com/homedetails/207-Eden-Ln-APT-E-Kissimmee-FL-34743/2077226756_zpid/
2020-11-09 22:46:58,163 INFO      Zillow    7064 zillow_get  Running List Url - https://www.zillow.com/homedetails/3209-Parkchester-Square-Blvd-APT-208-Orlando-FL-32835/2077226822_zpid/
2020-11-09 22:46:58,522 INFO      Zillow    7064 zillow_get  Running List Url - https://www.zillow.com/homedetails/1351-Tuscan-Ter-UNIT-8201-Davenport-FL-33896/84649156_zpid/
2020-11-09 22:46:58,892 INFO      Zillow    7064 zillow_get  Running List Url - https://www.zillow.com/homedetails/1005-Sherrywood-St-Fern-Park-FL-32730/47685210_zpid/
2020-11-09 22:46:59,247 INFO      Zillow    7064 zillow_get  Running List Url - https://www.zillow.com/homedetails/1331-Landry-Cir-Longwood-FL-32750/47701893_zpid/
2020-11-09 22:46:59,616 INFO      Zillow    7064 zillow_get  Running List Url - https://www.zillow.com/homedetails/8716-Danforth-Dr-Windermere-FL-34786/71058954_zpid/
2020-11-09 22:46:59,965 INFO      Zillow    7064 zillow_get  Running List Url - https://www.zillow.com/homedetails/2769-Club-Cortile-Cir-Kissimmee-FL-34746/82508554_zpid/
2020-11-09 22:47:00,315 INFO      Zillow    7064 zillow_get  Running List Url - https://www.zillow.com/homedetails/822-Grand-Regency-Pointe-UNIT-104-Altamonte-Springs-FL-32714/68118992_zpid/
2020-11-09 22:47:00,666 INFO      Zillow    7064 zillow_get  Running List Url - https://www.zillow.com/homedetails/1362-Stearman-Ct-20-Orlando-FL-32825/46242727_zpid/
2020-11-09 22:47:01,019 INFO      Zillow    7064 zillow_get  Running List Url - https://www.zillow.com/homedetails/5271-Paradise-Cay-Cir-Kissimmee-FL-34746/82103911_zpid/
2020-11-09 22:47:01,369 INFO      Zillow    7064 zillow_get  Running List Url - https://www.zillow.com/homedetails/620-Red-Oak-Cir-UNIT-112-Altamonte-Springs-FL-32701/2077228806_zpid/
2020-11-09 22:47:01,742 INFO      Zillow    7064 zillow_get  Running List Url - https://www.zillow.com/homedetails/1171-Calle-Del-Rey-APT-C-Casselberry-FL-32707/47709587_zpid/
2020-11-09 22:47:02,094 INFO      Zillow    7064 zillow_get  Running List Url - https://www.zillow.com/homedetails/8000-Poinciana-Blvd-UNIT-2405-Orlando-FL-32821/294888429_zpid/
2020-11-09 22:47:02,751 INFO      Zillow    7064 zillow_get  Running List Url - https://www.zillow.com/homedetails/5483-Vineland-Rd-APT-10303-Orlando-FL-32811/2088199235_zpid/
2020-11-09 22:47:03,214 INFO      Zillow    7064 zillow_get  Running List Url - https://www.zillow.com/homedetails/105-Durham-Pl-105-Longwood-FL-32779/2079841504_zpid/
2020-11-09 22:47:03,611 INFO      Zillow    7064 zillow_get  Running List Url - https://www.zillow.com/homedetails/8000-Poinciana-Blvd-UNIT-2714-Orlando-FL-32821/294888469_zpid/
2020-11-09 22:47:03,998 INFO      Zillow    7064 zillow_get  Running List Url - https://www.zillow.com/homedetails/920-Lake-Destiny-Rd-UNIT-D-Altamonte-Springs-FL-32714/2077229920_zpid/
2020-11-09 22:47:04,368 INFO      Zillow    7064 zillow_get  Running List Url - https://www.zillow.com/homedetails/8000-Tuscany-Way-UNIT-4101-Davenport-FL-33896/2077231949_zpid/
2020-11-09 22:47:04,704 INFO      Zillow    7064 zillow_get  Running List Url - https://www.zillow.com/homedetails/4804-Coral-Castle-Dr-Kissimmee-FL-34746/2077233647_zpid/
2020-11-09 22:47:07,408 ERROR     Zillow    7064 ('KeyError', '<key exception>', ['  File "C:\\Users\\My Buddy\\Desktop\\Work\\dj_payements\\payment_gateways\\home\\zillow_ui.py", line 232, in zillow_get\n    data2=json.loads(dataa[\'apiCache\'])[\'ForSaleDoubleScrollFullRenderQuery{\\"zpid\\":\'+str(zpid)+\',\\"contactFormRenderParameter\\":{\\"zpid\\":\'+str(zpid)+\',\\"platform\\":\\"desktop\\",\\"isDoubleScroll\\":true}}\']\n'], KeyError('ForSaleDoubleScrollFullRenderQuery{"zpid":2077233647,"contactFormRenderParameter":{"zpid":2077233647,"platform":"desktop","isDoubleScroll":true}}'))
2020-11-09 22:47:07,408 INFO      Zillow    7064 zillow_get  Running List Url - https://www.zillow.com/homedetails/4818-Coral-Castle-Dr-Kissimmee-FL-34746/2077233648_zpid/
2020-11-09 22:47:10,655 ERROR     Zillow    7064 ('KeyError', '<key exception>', ['  File "C:\\Users\\My Buddy\\Desktop\\Work\\dj_payements\\payment_gateways\\home\\zillow_ui.py", line 232, in zillow_get\n    data2=json.loads(dataa[\'apiCache\'])[\'ForSaleDoubleScrollFullRenderQuery{\\"zpid\\":\'+str(zpid)+\',\\"contactFormRenderParameter\\":{\\"zpid\\":\'+str(zpid)+\',\\"platform\\":\\"desktop\\",\\"isDoubleScroll\\":true}}\']\n'], KeyError('ForSaleDoubleScrollFullRenderQuery{"zpid":2077233648,"contactFormRenderParameter":{"zpid":2077233648,"platform":"desktop","isDoubleScroll":true}}'))
2020-11-09 22:47:10,656 INFO      Zillow    7064 zillow_get  Running List Url - https://www.zillow.com/homedetails/4802-Coral-Castle-Dr-Kissimmee-FL-34746/2077233646_zpid/
2020-11-09 22:47:13,335 ERROR     Zillow    7064 ('KeyError', '<key exception>', ['  File "C:\\Users\\My Buddy\\Desktop\\Work\\dj_payements\\payment_gateways\\home\\zillow_ui.py", line 232, in zillow_get\n    data2=json.loads(dataa[\'apiCache\'])[\'ForSaleDoubleScrollFullRenderQuery{\\"zpid\\":\'+str(zpid)+\',\\"contactFormRenderParameter\\":{\\"zpid\\":\'+str(zpid)+\',\\"platform\\":\\"desktop\\",\\"isDoubleScroll\\":true}}\']\n'], KeyError('ForSaleDoubleScrollFullRenderQuery{"zpid":2077233646,"contactFormRenderParameter":{"zpid":2077233646,"platform":"desktop","isDoubleScroll":true}}'))
2020-11-09 22:47:13,335 INFO      Zillow    7064 zillow_get  Running List Url - https://www.zillow.com/homedetails/4812-Coral-Castle-Dr-Kissimmee-FL-34746/2077233643_zpid/
2020-11-09 22:47:16,118 ERROR     Zillow    7064 ('KeyError', '<key exception>', ['  File "C:\\Users\\My Buddy\\Desktop\\Work\\dj_payements\\payment_gateways\\home\\zillow_ui.py", line 232, in zillow_get\n    data2=json.loads(dataa[\'apiCache\'])[\'ForSaleDoubleScrollFullRenderQuery{\\"zpid\\":\'+str(zpid)+\',\\"contactFormRenderParameter\\":{\\"zpid\\":\'+str(zpid)+\',\\"platform\\":\\"desktop\\",\\"isDoubleScroll\\":true}}\']\n'], KeyError('ForSaleDoubleScrollFullRenderQuery{"zpid":2077233643,"contactFormRenderParameter":{"zpid":2077233643,"platform":"desktop","isDoubleScroll":true}}'))
2020-11-09 22:47:16,118 INFO      Zillow    7064 zillow_get  Running List Url - https://www.zillow.com/homedetails/4814-Coral-Castle-Dr-Kissimmee-FL-34746/2077233641_zpid/
2020-11-09 22:47:19,047 ERROR     Zillow    7064 ('KeyError', '<key exception>', ['  File "C:\\Users\\My Buddy\\Desktop\\Work\\dj_payements\\payment_gateways\\home\\zillow_ui.py", line 232, in zillow_get\n    data2=json.loads(dataa[\'apiCache\'])[\'ForSaleDoubleScrollFullRenderQuery{\\"zpid\\":\'+str(zpid)+\',\\"contactFormRenderParameter\\":{\\"zpid\\":\'+str(zpid)+\',\\"platform\\":\\"desktop\\",\\"isDoubleScroll\\":true}}\']\n'], KeyError('ForSaleDoubleScrollFullRenderQuery{"zpid":2077233641,"contactFormRenderParameter":{"zpid":2077233641,"platform":"desktop","isDoubleScroll":true}}'))
2020-11-09 22:47:19,047 INFO      Zillow    7064 zillow_get  Running List Url - https://www.zillow.com/homedetails/4810-Coral-Castle-Dr-Kissimmee-FL-34746/2077233645_zpid/
2020-11-09 22:47:21,480 ERROR     Zillow    7064 ('KeyError', '<key exception>', ['  File "C:\\Users\\My Buddy\\Desktop\\Work\\dj_payements\\payment_gateways\\home\\zillow_ui.py", line 232, in zillow_get\n    data2=json.loads(dataa[\'apiCache\'])[\'ForSaleDoubleScrollFullRenderQuery{\\"zpid\\":\'+str(zpid)+\',\\"contactFormRenderParameter\\":{\\"zpid\\":\'+str(zpid)+\',\\"platform\\":\\"desktop\\",\\"isDoubleScroll\\":true}}\']\n'], KeyError('ForSaleDoubleScrollFullRenderQuery{"zpid":2077233645,"contactFormRenderParameter":{"zpid":2077233645,"platform":"desktop","isDoubleScroll":true}}'))
2020-11-09 22:47:21,480 INFO      Zillow    7064 zillow_get  Running List Url - https://www.zillow.com/homedetails/4816-Coral-Castle-Dr-Kissimmee-FL-34746/2077233640_zpid/
2020-11-09 22:47:23,882 ERROR     Zillow    7064 ('KeyError', '<key exception>', ['  File "C:\\Users\\My Buddy\\Desktop\\Work\\dj_payements\\payment_gateways\\home\\zillow_ui.py", line 232, in zillow_get\n    data2=json.loads(dataa[\'apiCache\'])[\'ForSaleDoubleScrollFullRenderQuery{\\"zpid\\":\'+str(zpid)+\',\\"contactFormRenderParameter\\":{\\"zpid\\":\'+str(zpid)+\',\\"platform\\":\\"desktop\\",\\"isDoubleScroll\\":true}}\']\n'], KeyError('ForSaleDoubleScrollFullRenderQuery{"zpid":2077233640,"contactFormRenderParameter":{"zpid":2077233640,"platform":"desktop","isDoubleScroll":true}}'))
2020-11-09 22:47:23,882 INFO      Zillow    7064 zillow_get  Running List Url - https://www.zillow.com/homedetails/4808-Coral-Castle-Dr-Kissimmee-FL-34746/2077233642_zpid/
2020-11-09 22:47:26,458 ERROR     Zillow    7064 ('KeyError', '<key exception>', ['  File "C:\\Users\\My Buddy\\Desktop\\Work\\dj_payements\\payment_gateways\\home\\zillow_ui.py", line 232, in zillow_get\n    data2=json.loads(dataa[\'apiCache\'])[\'ForSaleDoubleScrollFullRenderQuery{\\"zpid\\":\'+str(zpid)+\',\\"contactFormRenderParameter\\":{\\"zpid\\":\'+str(zpid)+\',\\"platform\\":\\"desktop\\",\\"isDoubleScroll\\":true}}\']\n'], KeyError('ForSaleDoubleScrollFullRenderQuery{"zpid":2077233642,"contactFormRenderParameter":{"zpid":2077233642,"platform":"desktop","isDoubleScroll":true}}'))
2020-11-09 22:47:26,459 INFO      Zillow    7064 zillow_get  Running List Url - https://www.zillow.com/homedetails/4806-Coral-Castle-Dr-Kissimmee-FL-34746/2077233644_zpid/
2020-11-09 22:47:29,021 ERROR     Zillow    7064 ('KeyError', '<key exception>', ['  File "C:\\Users\\My Buddy\\Desktop\\Work\\dj_payements\\payment_gateways\\home\\zillow_ui.py", line 232, in zillow_get\n    data2=json.loads(dataa[\'apiCache\'])[\'ForSaleDoubleScrollFullRenderQuery{\\"zpid\\":\'+str(zpid)+\',\\"contactFormRenderParameter\\":{\\"zpid\\":\'+str(zpid)+\',\\"platform\\":\\"desktop\\",\\"isDoubleScroll\\":true}}\']\n'], KeyError('ForSaleDoubleScrollFullRenderQuery{"zpid":2077233644,"contactFormRenderParameter":{"zpid":2077233644,"platform":"desktop","isDoubleScroll":true}}'))
2020-11-09 22:47:29,021 INFO      Zillow    7064 zillow_get  Running List Url - https://www.zillow.com/community/kindred-townhomes/2077714597_zpid/
2020-11-09 22:47:31,266 ERROR     Zillow    7064 ('IndexError', '<key exception>', ['  File "C:\\Users\\My Buddy\\Desktop\\Work\\dj_payements\\payment_gateways\\home\\zillow_ui.py", line 219, in zillow_get\n    title=list_link.split(zpid)[0].split(\'homedetails/\')[1].replace(\'/\',\'\').replace(\'-\',\' \')\n'], IndexError('list index out of range'))
2020-11-09 22:47:31,267 INFO      Zillow    7064 zillow_get  Running List Url - https://www.zillow.com/homedetails/6380-Contessa-Dr-APT-101-Orlando-FL-32829/2077235032_zpid/
2020-11-09 22:47:31,931 INFO      Zillow    7064 zillow_get  Running List Url - https://www.zillow.com/homedetails/4603-Gate-Pl-3-Orlando-FL-32811/2077235726_zpid/
2020-11-09 22:47:32,275 INFO      Zillow    7064 zillow_get  Running List Url - https://www.zillow.com/homedetails/8774-Worldquest-Blvd-UNIT-7204-Orlando-FL-32821/294888237_zpid/
2020-11-09 22:47:32,619 INFO      Zillow    7064 zillow_get  Running List Url - https://www.zillow.com/homedetails/940-Douglas-Ave-UNIT-180-Altamonte-Springs-FL-32714/2077236096_zpid/
2020-11-09 22:47:32,961 INFO      Zillow    7064 zillow_get  Running List Url - https://www.zillow.com/homedetails/2920-Shadow-View-Cir-2920-Maitland-FL-32751/2077236528_zpid/
2020-11-09 22:47:33,306 INFO      Zillow    7064 zillow_get  Running List Url - https://www.zillow.com/homedetails/780-E-Michigan-St-UNIT-48-Orlando-FL-32806/64549424_zpid/
2020-11-09 22:47:33,656 INFO      Zillow    7064 zillow_get  Running List Url - https://www.zillow.com/homedetails/1000-S-Orlando-Ave-APT-A22-Maitland-FL-32751/46265440_zpid/
2020-11-09 22:47:34,006 INFO      Zillow    7064 zillow_get  Running List Url - https://www.zillow.com/homedetails/2740-Lancaster-Ct-Apopka-FL-32703/47639643_zpid/
2020-11-09 22:47:34,356 INFO      Zillow    7064 zillow_get  Running List Url - https://www.zillow.com/homedetails/167-Club-Villas-Ln-Kissimmee-FL-34744/46310454_zpid/
2020-11-09 22:47:34,718 INFO      Zillow    7064 zillow_get  Running List Url - https://www.zillow.com/homedetails/3705-S-Lake-Orlando-Pkwy-APT-5-Orlando-FL-32808/46087924_zpid/
2020-11-09 22:47:35,066 INFO      Zillow    7064 zillow_get  Running List Url - https://www.zillow.com/homedetails/2101-Cascades-Blvd-UNIT-207-Kissimmee-FL-34741/82107411_zpid/
2020-11-09 22:47:35,407 INFO      Zillow    7064 zillow_get  Running List Url - https://www.zillow.com/homedetails/3385-Celena-Cir-Saint-Cloud-FL-34769/69317449_zpid/
